<?xml version="1.0" encoding="UTF-8"?>
<!-- Generated by org.testng.reporters.JUnitReportReporter -->
<testsuite hostname="anil" name="springmvc.test.BaseTest" tests="1" failures="0" timestamp="8 Nov 2016 05:07:01 GMT" time="0.009" errors="0">
  <testcase name="test" time="0.009" classname="springmvc.test.BaseTest"/>
</testsuite> <!-- springmvc.test.BaseTest -->
